INFO 2014-07-14 10:02:42,561 pcommand 30 /home/judah/mosesdecoder/scripts/tokenizer/tokenizer.perl -l en < /home/judah/corpus/run02/train.en-es.en > /home/judah/corpus/helper/train.en-es.tok.en -threads 12
INFO 2014-07-14 10:04:07,868 pcommand 36 
INFO 2014-07-14 10:04:07,868 pcommand 37 Tokenizer Version 1.1
Language: en
Number of threads: 12
INFO 2014-07-14 10:04:07,868 pcommand 30 /home/judah/mosesdecoder/scripts/tokenizer/tokenizer.perl -l en < /home/judah/corpus/run02/train.en-es.es > /home/judah/corpus/helper/train.en-es.tok.es -threads 12
INFO 2014-07-14 10:05:40,184 pcommand 36 
INFO 2014-07-14 10:05:40,184 pcommand 37 Tokenizer Version 1.1
Language: en
Number of threads: 12
INFO 2014-07-14 10:05:40,185 pcommand 30 /home/judah/mosesdecoder/scripts/recaser/train-truecaser.perl --model /home/judah/corpus/helper/truecase-model.en --corpus /home/judah/corpus/helper/train.en-es.tok.en
INFO 2014-07-14 10:10:10,455 pcommand 36 
INFO 2014-07-14 10:10:10,455 pcommand 37 
INFO 2014-07-14 10:10:10,455 pcommand 30 /home/judah/mosesdecoder/scripts/recaser/train-truecaser.perl --model /home/judah/corpus/helper/truecase-model.es --corpus /home/judah/corpus/helper/train.en-es.tok.es
INFO 2014-07-14 10:15:09,550 pcommand 36 
INFO 2014-07-14 10:15:09,550 pcommand 37 
INFO 2014-07-14 10:15:09,550 pcommand 30 /home/judah/mosesdecoder/scripts/recaser/truecase.perl --model /home/judah/corpus/helper/truecase-model.en < /home/judah/corpus/helper/train.en-es.tok.en > /home/judah/corpus/helper/train.en-es.true.en
INFO 2014-07-14 10:20:53,351 pcommand 36 
INFO 2014-07-14 10:20:53,351 pcommand 37 
INFO 2014-07-14 10:20:53,351 pcommand 30 /home/judah/mosesdecoder/scripts/recaser/truecase.perl --model /home/judah/corpus/helper/truecase-model.es < /home/judah/corpus/helper/train.en-es.tok.es > /home/judah/corpus/helper/train.en-es.true.es
INFO 2014-07-14 10:28:47,735 pcommand 36 
INFO 2014-07-14 10:28:47,735 pcommand 37 
INFO 2014-07-14 10:28:47,735 pcommand 30 /home/judah/mosesdecoder/scripts/training/clean-corpus-n.perl /home/judah/corpus/helper/train.en-es.true es en /home/judah/corpus/helper/train.en-es.clean 1 80
INFO 2014-07-14 10:31:20,142 pcommand 36 
INFO 2014-07-14 10:31:20,142 pcommand 37 clean-corpus.perl: processing /home/judah/corpus/helper/train.en-es.true.es & .en to /home/judah/corpus/helper/train.en-es.clean, cutoff 1-80
..........(100000)..........(200000)..........(300000)..........(400000)..........(500000)..........(600000)..........(700000)..........(800000)..........(900000)..........(1000000)..........(1100000)..........(1200000)..........(1300000)..........(1400000)..........(1500000)..........(1600000)..........(1700000)..........(1800000)..........(1900000)..........(2000000)..........(2100000)..........(2200000)..........(2300000)..........(2400000)..........(2500000)..........(2600000)..........(2700000)..........(2800000)..........(2900000)..........(3000000)..........(3100000)..........(3200000)..........(3300000)..........(3400000)..........(3500000)..........(3600000)..........(3700000)..........(3800000)..........(3900000)..........(4000000)..........(4100000)..........(4200000)..........(4300000)..........(4400000)..........(4500000)..........(4600000)..........(4700000)..........(4800000)..........(4900000)..........(5000000)..........(5100000)..........(5200000)..........(5300000)..........(5400000)
Input sentences: 5405767  Output sentences:  5311870
INFO 2014-07-14 10:31:20,142 pcommand 30 /home/judah/mosesdecoder/scripts/tokenizer/tokenizer.perl -l en < /home/judah/corpus/run02/tune.en-es.en > /home/judah/corpus/helper/tune.en-es.tok.en -threads 12
INFO 2014-07-14 10:31:20,195 pcommand 36 
INFO 2014-07-14 10:31:20,196 pcommand 37 Tokenizer Version 1.1
Language: en
Number of threads: 12
INFO 2014-07-14 10:31:20,196 pcommand 30 /home/judah/mosesdecoder/scripts/tokenizer/tokenizer.perl -l en < /home/judah/corpus/run02/tune.en-es.es > /home/judah/corpus/helper/tune.en-es.tok.es -threads 12
INFO 2014-07-14 10:31:20,249 pcommand 36 
INFO 2014-07-14 10:31:20,249 pcommand 37 Tokenizer Version 1.1
Language: en
Number of threads: 12
INFO 2014-07-14 10:31:20,249 pcommand 30 /home/judah/mosesdecoder/scripts/recaser/truecase.perl --model /home/judah/corpus/helper/truecase-model.en < /home/judah/corpus/helper/tune.en-es.tok.en > /home/judah/corpus/helper/tune.en-es.true.en
INFO 2014-07-14 10:31:20,659 pcommand 36 
INFO 2014-07-14 10:31:20,659 pcommand 37 
INFO 2014-07-14 10:31:20,659 pcommand 30 /home/judah/mosesdecoder/scripts/recaser/truecase.perl --model /home/judah/corpus/helper/truecase-model.es < /home/judah/corpus/helper/tune.en-es.tok.es > /home/judah/corpus/helper/tune.en-es.true.es
INFO 2014-07-14 10:31:21,249 pcommand 36 
INFO 2014-07-14 10:31:21,249 pcommand 37 
INFO 2014-07-14 10:31:21,250 pcommand 30 /home/judah/mosesdecoder/scripts/tokenizer/tokenizer.perl -l en < /home/judah/corpus/run02/test.en-es.en > /home/judah/corpus/helper/test.en-es.tok.en -threads 12
INFO 2014-07-14 10:31:21,290 pcommand 36 
INFO 2014-07-14 10:31:21,290 pcommand 37 Tokenizer Version 1.1
Language: en
Number of threads: 12
INFO 2014-07-14 10:31:21,290 pcommand 30 /home/judah/mosesdecoder/scripts/tokenizer/tokenizer.perl -l en < /home/judah/corpus/run02/test.en-es.es > /home/judah/corpus/helper/test.en-es.tok.es -threads 12
INFO 2014-07-14 10:31:21,333 pcommand 36 
INFO 2014-07-14 10:31:21,333 pcommand 37 Tokenizer Version 1.1
Language: en
Number of threads: 12
INFO 2014-07-14 10:31:21,333 pcommand 30 /home/judah/mosesdecoder/scripts/recaser/truecase.perl --model /home/judah/corpus/helper/truecase-model.en < /home/judah/corpus/helper/test.en-es.tok.en > /home/judah/corpus/helper/test.en-es.true.en
INFO 2014-07-14 10:31:21,728 pcommand 36 
INFO 2014-07-14 10:31:21,729 pcommand 37 
INFO 2014-07-14 10:31:21,729 pcommand 30 /home/judah/mosesdecoder/scripts/recaser/truecase.perl --model /home/judah/corpus/helper/truecase-model.es < /home/judah/corpus/helper/test.en-es.tok.es > /home/judah/corpus/helper/test.en-es.true.es
INFO 2014-07-14 10:31:22,309 pcommand 36 
INFO 2014-07-14 10:31:22,309 pcommand 37 
INFO 2014-07-14 10:31:22,335 run_config 91 
INFO 2014-07-14 10:31:22,335 run_config 92 
INFO 2014-07-14 10:31:22,335 pcommand 30 mkdir /home/judah/archive10/0/lm
INFO 2014-07-14 10:31:22,337 pcommand 36 
INFO 2014-07-14 10:31:22,338 pcommand 37 
INFO 2014-07-14 10:31:22,338 pcommand 30 /home/judah/irstlm-5.80.03/bin/add-start-end.sh < /home/judah/corpus/helper/train.en-es.true.es > /home/judah/archive10/0/lm/train.en-es.sb.es
INFO 2014-07-14 10:33:16,341 pcommand 36 
INFO 2014-07-14 10:33:16,341 pcommand 37 
INFO 2014-07-14 10:33:16,341 pcommand 30 /home/judah/irstlm-5.80.03/bin/build-lm.sh -i /home/judah/archive10/0/lm/train.en-es.sb.es -t /home/judah/archive10/0/lm/tmp -p -n 3 -s improved-kneser-ney -o /home/judah/archive10/0/lm/train.en-es.ilm.es.gz
INFO 2014-07-14 10:38:26,446 pcommand 36 Temporary directory /home/judah/archive10/0/lm/tmp does not exist
creating /home/judah/archive10/0/lm/tmp
Extracting dictionary from training corpus
Splitting dictionary into 3 lists
Extracting n-gram statistics for each word list
Important: dictionary must be ordered according to order of appearance of words in data
used to generate n-gram blocks,  so that sub language model blocks results ordered too
dict.000
dict.001
dict.002
$bin/ngt -i="$inpfile" -n=$order -gooout=y -o="$gzip -c > $tmpdir/ngram.${sdict}.gz" -fd="$tmpdir/$sdict" $dictionary -iknstat="$tmpdir/ikn.stat.$sdict" >> $logfile 2>&1
$bin/ngt -i="$inpfile" -n=$order -gooout=y -o="$gzip -c > $tmpdir/ngram.${sdict}.gz" -fd="$tmpdir/$sdict" $dictionary -iknstat="$tmpdir/ikn.stat.$sdict" >> $logfile 2>&1
Estimating language models for each word list
dict.000
dict.001
dict.002
$scr/build-sublm.pl $verbose $prune $smoothing "cat $tmpdir/ikn.stat.dict.*" --size $order --ngrams "$gunzip -c $tmpdir/ngram.${sdict}.gz" -sublm $tmpdir/lm.$sdict >> $logfile 2>&1
Merging language models into /home/judah/archive10/0/lm/train.en-es.ilm.es.gz
Cleaning temporary directory /home/judah/archive10/0/lm/tmp
Removing temporary directory /home/judah/archive10/0/lm/tmp
INFO 2014-07-14 10:38:26,447 pcommand 37 
INFO 2014-07-14 10:38:26,447 pcommand 30 /home/judah/irstlm-5.80.03/bin/compile-lm --text  /home/judah/archive10/0/lm/train.en-es.ilm.es.gz /home/judah/archive10/0/lm/train.en-es.arpa.es
INFO 2014-07-14 10:51:26,464 pcommand 36 
INFO 2014-07-14 10:51:26,464 pcommand 37 inpfile: /home/judah/archive10/0/lm/train.en-es.ilm.es.gz
outfile: /home/judah/archive10/0/lm/train.en-es.arpa.es
loading up to the LM level 1000 (if any)
dub: 10000000
Language Model Type of /home/judah/archive10/0/lm/train.en-es.ilm.es.gz is 1
Language Model Type is 1
iARPA
loadtxt_ram()
1-grams: reading 242234 entries
done level 1
2-grams: reading 3860387 entries
done level 2
3-grams: reading 4642735 entries
done level 3
done
OOV code is 242233
OOV code is 242233
Saving in txt format to /home/judah/archive10/0/lm/train.en-es.arpa.es
savetxt: /home/judah/archive10/0/lm/train.en-es.arpa.es
save: 242234 1-grams
save: 3860387 2-grams
save: 4642735 3-grams
done
INFO 2014-07-14 10:51:26,465 pcommand 30 /home/judah/mosesdecoder/bin/build_binary -i /home/judah/archive10/0/lm/train.en-es.arpa.es /home/judah/archive10/0/lm/train.en-es.blm.es
INFO 2014-07-14 10:51:29,800 pcommand 36 
INFO 2014-07-14 10:51:29,800 pcommand 37 Reading /home/judah/archive10/0/lm/train.en-es.arpa.es
----5---10---15---20---25---30---35---40---45---50---55---60---65---70---75---80---85---90---95--100
****************************************************************************************************
SUCCESS
INFO 2014-07-14 10:51:29,800 pcommand 30 echo 'Is this a Spanish sentance?' | /home/judah/mosesdecoder/bin/query /home/judah/archive10/0/lm/train.en-es.blm.es
INFO 2014-07-14 10:51:29,827 pcommand 36 Is=191885 1 -8.57251	this=25891 1 -5.98433	a=21 1 -3.19184	Spanish=83452 1 -8.93601	sentance?=0 1 -3.3073	</s>=7 1 -1.27254	Total: -31.2645 OOV: 1
Perplexity including OOVs:	162463
Perplexity excluding OOVs:	390342
OOVs:	1
Tokenss:	6
INFO 2014-07-14 10:51:29,827 pcommand 37 Name:query	VmPeak:196804 kB	VmRSS:1688 kB	RSSMax:179928 kB	user:0.000897	sys:0.019622	CPU:0.020519	real:0.0202299
INFO 2014-07-14 10:51:29,827 pcommand 30 mkdir /home/judah/archive10/0/working
INFO 2014-07-14 10:51:29,830 pcommand 36 
INFO 2014-07-14 10:51:29,831 pcommand 37 
INFO 2014-07-14 10:51:29,831 pcommand 30 /home/judah/mosesdecoder/scripts/training/train-model.perl -root-dir /home/judah/archive10/0/working/train -corpus /home/judah/corpus/helper/train.en-es.clean -f en -e es --score-options '--GoodTuring' -alignment grow-diag-final-and -reordering hier-mslr-bidirectional-fe -lm 0:3:/home/judah/archive10/0/lm/train.en-es.blm.es:1 -mgiza -mgiza-cpus 12 -external-bin-dir /home/judah/mosesdecoder/tools -cores 12 --parallel --parts 3 2>&1 > /home/judah/archive10/0/working/training.out
